<?xml version="1.0" encoding="UTF-8"?>
<!-- Generated by org.testng.reporters.JUnitXMLReporter -->
<testsuite ignored="1" hostname="LAPTOP-5B47HSDM" failures="1" tests="1" name="Test" time="15.744" errors="0" timestamp="2024-10-28T21:07:44 IST">
  <testcase classname="com.careautomate.tests.SignUpTest" name="TC_SignUpWIthValidDetails" time="8.607">
    <failure type="java.lang.AssertionError" message="null">
      <![CDATA[java.lang.AssertionError: null
at com.careautomate.pages.SignUpPage.validateSignUpPage(SignUpPage.java:77)
at com.careautomate.tests.SignUpTest.TC_SignUpWIthValidDetails(SignUpTest.java:22)
at java.base/java.util.ArrayList.forEach(ArrayList.java:1596)
... Removed 27 stack frames]]>
    </failure>
  </testcase> <!-- TC_SignUpWIthValidDetails -->
  <testcase classname="com.careautomate.tests.LogInTest" name="TC_LogInWithValidDetails" time="0.0">
    <ignored/>
  </testcase> <!-- TC_LogInWithValidDetails -->
</testsuite> <!-- Test -->
